<?xml version="1.0" encoding="UTF-8"?>
<testsuite xmlns:xsi="http://www.w3.org/2001/XMLSchema-instance" xsi:noNamespaceSchemaLocation="https://maven.apache.org/surefire/maven-surefire-plugin/xsd/surefire-test-report-3.0.xsd" version="3.0" name="calculadora.CalculadoraNotasTest" time="0.105" tests="5" errors="3" skipped="0" failures="2">
  <properties>
[...]
</properties>
  <testcase name="testMediaDecimal" classname="calculadora.CalculadoraNotasTest" time="0.04">
    <error message="calculadora/CalculadoraNotas" type="java.lang.NoClassDefFoundError"><![CDATA[java.lang.NoClassDefFoundError: calculadora/CalculadoraNotas
	at calculadora.CalculadoraNotasTest.testMediaDecimal(CalculadoraNotasTest.java:26)
	at java.base/java.lang.reflect.Method.invoke(Method.java:580)
	at java.base/java.util.ArrayList.forEach(ArrayList.java:1596)
	at java.base/java.util.ArrayList.forEach(ArrayList.java:1596)
Caused by: java.lang.ClassNotFoundException: calculadora.CalculadoraNotas
	at java.base/jdk.internal.loader.BuiltinClassLoader.loadClass(BuiltinClassLoader.java:641)
	at java.base/jdk.internal.loader.ClassLoaders$AppClassLoader.loadClass(ClassLoaders.java:188)
	at java.base/java.lang.ClassLoader.loadClass(ClassLoader.java:526)
	... 4 more
]]></error>
  </testcase>
  <testcase name="testMediaSimple" classname="calculadora.CalculadoraNotasTest" time="0.002">
    <error message="calculadora/CalculadoraNotas" type="java.lang.NoClassDefFoundError"><![CDATA[java.lang.NoClassDefFoundError: calculadora/CalculadoraNotas
	at calculadora.CalculadoraNotasTest.testMediaSimple(CalculadoraNotasTest.java:19)
	at java.base/java.lang.reflect.Method.invoke(Method.java:580)
	at java.base/java.util.ArrayList.forEach(ArrayList.java:1596)
	at java.base/java.util.ArrayList.forEach(ArrayList.java:1596)
Caused by: java.lang.ClassNotFoundException: calculadora.CalculadoraNotas
	... 4 more
]]></error>
  </testcase>
  <testcase name="testListaVacia" classname="calculadora.CalculadoraNotasTest" time="0.013">
    <failure message="Unexpected exception type thrown, expected: &lt;java.lang.IllegalArgumentException&gt; but was: &lt;java.lang.NoClassDefFoundError&gt;" type="org.opentest4j.AssertionFailedError"><![CDATA[org.opentest4j.AssertionFailedError: Unexpected exception type thrown, expected: <java.lang.IllegalArgumentException> but was: <java.lang.NoClassDefFoundError>
	at org.junit.jupiter.api.AssertionFailureBuilder.build(AssertionFailureBuilder.java:151)
	at org.junit.jupiter.api.AssertThrows.assertThrows(AssertThrows.java:67)
	at org.junit.jupiter.api.AssertThrows.assertThrows(AssertThrows.java:35)
	at org.junit.jupiter.api.Assertions.assertThrows(Assertions.java:3111)
	at calculadora.CalculadoraNotasTest.testListaVacia(CalculadoraNotasTest.java:40)
	at java.base/java.lang.reflect.Method.invoke(Method.java:580)
	at java.base/java.util.ArrayList.forEach(ArrayList.java:1596)
	at java.base/java.util.ArrayList.forEach(ArrayList.java:1596)
Caused by: java.lang.NoClassDefFoundError: calculadora/CalculadoraNotas
	at calculadora.CalculadoraNotasTest.lambda$testListaVacia$0(CalculadoraNotasTest.java:41)
	at org.junit.jupiter.api.AssertThrows.assertThrows(AssertThrows.java:53)
	... 6 more
Caused by: java.lang.ClassNotFoundException: calculadora.CalculadoraNotas
	... 8 more
]]></failure>
  </testcase>
  <testcase name="testNotaFueraDeRango" classname="calculadora.CalculadoraNotasTest" time="0.001">
    <failure message="Unexpected exception type thrown, expected: &lt;java.lang.IllegalArgumentException&gt; but was: &lt;java.lang.NoClassDefFoundError&gt;" type="org.opentest4j.AssertionFailedError"><![CDATA[org.opentest4j.AssertionFailedError: Unexpected exception type thrown, expected: <java.lang.IllegalArgumentException> but was: <java.lang.NoClassDefFoundError>
	at org.junit.jupiter.api.AssertionFailureBuilder.build(AssertionFailureBuilder.java:151)
	at org.junit.jupiter.api.AssertThrows.assertThrows(AssertThrows.java:67)
	at org.junit.jupiter.api.AssertThrows.assertThrows(AssertThrows.java:35)
	at org.junit.jupiter.api.Assertions.assertThrows(Assertions.java:3111)
	at calculadora.CalculadoraNotasTest.testNotaFueraDeRango(CalculadoraNotasTest.java:49)
	at java.base/java.lang.reflect.Method.invoke(Method.java:580)
	at java.base/java.util.ArrayList.forEach(ArrayList.java:1596)
	at java.base/java.util.ArrayList.forEach(ArrayList.java:1596)
Caused by: java.lang.NoClassDefFoundError: calculadora/CalculadoraNotas
	at calculadora.CalculadoraNotasTest.lambda$testNotaFueraDeRango$1(CalculadoraNotasTest.java:50)
	at org.junit.jupiter.api.AssertThrows.assertThrows(AssertThrows.java:53)
	... 6 more
Caused by: java.lang.ClassNotFoundException: calculadora.CalculadoraNotas
	... 8 more
]]></failure>
  </testcase>
  <testcase name="testUnaSolaNota" classname="calculadora.CalculadoraNotasTest" time="0.001">
    <error message="calculadora/CalculadoraNotas" type="java.lang.NoClassDefFoundError"><![CDATA[java.lang.NoClassDefFoundError: calculadora/CalculadoraNotas
	at calculadora.CalculadoraNotasTest.testUnaSolaNota(CalculadoraNotasTest.java:33)
	at java.base/java.lang.reflect.Method.invoke(Method.java:580)
	at java.base/java.util.ArrayList.forEach(ArrayList.java:1596)
	at java.base/java.util.ArrayList.forEach(ArrayList.java:1596)
Caused by: java.lang.ClassNotFoundException: calculadora.CalculadoraNotas
	... 4 more
]]></error>
  </testcase>
</testsuite>